<?xml version="1.0" encoding="UTF-8"?>
<testng-results skipped="0" failed="0" ignored="0" total="1" passed="1">
  <reporter-output>
  </reporter-output>
  <suite name="Default suite" duration-ms="89166" started-at="2020-06-04T23:04:16Z" finished-at="2020-06-04T23:05:46Z">
    <groups>
    </groups>
    <test name="Default test" duration-ms="89166" started-at="2020-06-04T23:04:16Z" finished-at="2020-06-04T23:05:46Z">
      <class name="com.tasks.webstaurantstore.testcases.cartOrderTestCase">
        <test-method status="PASS" signature="setUp()[pri:0, instance:com.tasks.webstaurantstore.testcases.cartOrderTestCase@5ae76500]" name="setUp" is-config="true" duration-ms="9102" started-at="2020-06-04T19:04:16Z" finished-at="2020-06-04T19:04:25Z">
          <reporter-output>
          </reporter-output>
        </test-method> <!-- setUp -->
        <test-method status="PASS" signature="testAddToCart()[pri:0, instance:com.tasks.webstaurantstore.testcases.cartOrderTestCase@5ae76500]" name="testAddToCart" duration-ms="76863" started-at="2020-06-04T19:04:26Z" description="Verify add to the cart" finished-at="2020-06-04T19:05:42Z">
          <reporter-output>
          </reporter-output>
        </test-method> <!-- testAddToCart -->
        <test-method status="PASS" signature="cleanUp()[pri:0, instance:com.tasks.webstaurantstore.testcases.cartOrderTestCase@5ae76500]" name="cleanUp" is-config="true" duration-ms="3025" started-at="2020-06-04T19:05:42Z" finished-at="2020-06-04T19:05:46Z">
          <reporter-output>
          </reporter-output>
        </test-method> <!-- cleanUp -->
      </class> <!-- com.tasks.webstaurantstore.testcases.cartOrderTestCase -->
    </test> <!-- Default test -->
  </suite> <!-- Default suite -->
</testng-results>
