<?xml version="1.0" encoding="UTF-8"?>
<testng-results skipped="0" failed="0" ignored="0" total="1" passed="1">
  <reporter-output>
  </reporter-output>
  <suite name="Default suite" duration-ms="197351" started-at="2020-06-05T02:20:21Z" finished-at="2020-06-05T02:23:39Z">
    <groups>
    </groups>
    <test name="Default test" duration-ms="197351" started-at="2020-06-05T02:20:21Z" finished-at="2020-06-05T02:23:39Z">
      <class name="com.tasks.webstaurantstore.testcases.cartOrderTestCase">
        <test-method status="PASS" signature="setUp()[pri:0, instance:com.tasks.webstaurantstore.testcases.cartOrderTestCase@2fd1731c]" name="setUp" is-config="true" duration-ms="15536" started-at="2020-06-04T22:20:21Z" finished-at="2020-06-04T22:20:37Z">
          <reporter-output>
          </reporter-output>
        </test-method> <!-- setUp -->
        <test-method status="PASS" signature="testAddToCart()[pri:0, instance:com.tasks.webstaurantstore.testcases.cartOrderTestCase@2fd1731c]" name="testAddToCart" duration-ms="178328" started-at="2020-06-04T22:20:37Z" description="Verify add to the cart" finished-at="2020-06-04T22:23:35Z">
          <reporter-output>
          </reporter-output>
        </test-method> <!-- testAddToCart -->
        <test-method status="PASS" signature="cleanUp()[pri:0, instance:com.tasks.webstaurantstore.testcases.cartOrderTestCase@2fd1731c]" name="cleanUp" is-config="true" duration-ms="3132" started-at="2020-06-04T22:23:35Z" finished-at="2020-06-04T22:23:39Z">
          <reporter-output>
          </reporter-output>
        </test-method> <!-- cleanUp -->
      </class> <!-- com.tasks.webstaurantstore.testcases.cartOrderTestCase -->
    </test> <!-- Default test -->
  </suite> <!-- Default suite -->
</testng-results>
